This is pdfTeX, Version 3.141592653-2.6-1.40.22 (TeX Live 2021) (preloaded format=pdflatex 2021.4.18)  20 APR 2021 21:45
entering extended mode
 restricted \write18 enabled.
 file:line:error style messages enabled.
 %&-line parsing enabled.
**vectors.tex
(./vectors.tex
LaTeX2e <2020-10-01> patch level 4
L3 programming layer <2021-02-18>
./vectors.tex:28: Undefined control sequence.
l.28 \section
             {Vectors}
? 
./vectors.tex:28: Emergency stop.
l.28 \section
             {Vectors}
End of file on the terminal!

 
Here is how much of TeX's memory you used:
 16 strings out of 478994
 383 string characters out of 5858184
 283044 words of memory out of 5000000
 17602 multiletter control sequences out of 15000+600000
 403430 words of font info for 27 fonts, out of 8000000 for 9000
 1141 hyphenation exceptions out of 8191
 13i,0n,15p,125b,10s stack positions out of 5000i,500n,10000p,200000b,80000s
./vectors.tex:28:  ==> Fatal error occurred, no output PDF file produced!
